<?xml version="1.0" encoding="UTF-8"?>
<testsuite xmlns:xsi="http://www.w3.org/2001/XMLSchema-instance" xsi:noNamespaceSchemaLocation="https://maven.apache.org/surefire/maven-surefire-plugin/xsd/surefire-test-report.xsd" version="3.0.2" name="com.lawfirm.brs.service.auth.OtpServiceTest" time="0.017" tests="2" errors="0" skipped="0" failures="0">
  <properties>
[...]
</properties>
  <testcase name="otpShouldBeNumericOnly" classname="com.lawfirm.brs.service.auth.OtpServiceTest" time="0.009"/>
  <testcase name="shouldGenerateSixDigitOtp" classname="com.lawfirm.brs.service.auth.OtpServiceTest" time="0.002"/>
</testsuite>